0 info it worked if it ends with ok
1 verbose cli [ '/usr/local/bin/node', '/usr/local/bin/npm', 'start' ]
2 info using npm@6.13.4
3 info using node@v12.16.1
4 verbose config Skipping project config: /home/fancy/.npmrc. (matches userconfig)
5 verbose run-script [ 'prestart', 'start', 'poststart' ]
6 info lifecycle fancy@1.0.0~prestart: fancy@1.0.0
7 info lifecycle fancy@1.0.0~start: fancy@1.0.0
8 verbose lifecycle fancy@1.0.0~start: unsafe-perm in lifecycle true
9 verbose lifecycle fancy@1.0.0~start: PATH: /usr/local/lib/node_modules/npm/node_modules/npm-lifecycle/node-gyp-bin:/home/fancy/node_modules/.bin:/usr/local/sbin:/usr/local/bin:/usr/sbin:/usr/bin:/sbin:/bin:/usr/games:/usr/local/games:/mnt/c/Program Files/WindowsApps/CanonicalGroupLimited.Ubuntu18.04onWindows_2020.1804.7.0_x64__79rhkp1fndgsc:/mnt/c/Program Files (x86)/Common Files/Intel/Shared Libraries/redist/intel64_win/compiler:/mnt/c/Program Files (x86)/Intel/iCLS Client/:/mnt/c/Program Files/Intel/iCLS Client/:/mnt/c/Windows/system32:/mnt/c/Windows:/mnt/c/Windows/System32/Wbem:/mnt/c/Windows/System32/WindowsPowerShell/v1.0/:/mnt/c/Program Files (x86)/Intel/Intel(R) Management Engine Components/DAL:/mnt/c/Program Files/Intel/Intel(R) Management Engine Components/DAL:/mnt/c/Program Files (x86)/Intel/Intel(R) Management Engine Components/IPT:/mnt/c/Program Files/Intel/Intel(R) Management Engine Components/IPT:/mnt/c/Program Files (x86)/NVIDIA Corporation/PhysX/Common:/mnt/c/WINDOWS/system32:/mnt/c/WINDOWS:/mnt/c/WINDOWS/System32/Wbem:/mnt/c/WINDOWS/System32/WindowsPowerShell/v1.0/:/mnt/c/WINDOWS/System32/OpenSSH/:/mnt/c/Program Files/Intel/WiFi/bin/:/mnt/c/Program Files/Common Files/Intel/WirelessCommon/:/mnt/c/Program Files/Git/cmd:/mnt/c/Program Files (x86)/Common Files/Intel/Shared Libraries/redist/intel64_win/compiler:/mnt/c/Users/Hao/AppData/Local/Microsoft/WindowsApps:/mnt/c/Users/Hao/AppData/Local/Programs/Microsoft VS Code/bin:/snap/bin
10 verbose lifecycle fancy@1.0.0~start: CWD: /home/fancy
11 silly lifecycle fancy@1.0.0~start: Args: [ '-c', 'webpack-dev-server --hot' ]
12 info lifecycle fancy@1.0.0~start: Failed to exec start script
13 verbose stack Error: fancy@1.0.0 start: `webpack-dev-server --hot`
13 verbose stack spawn ENOENT
13 verbose stack     at ChildProcess.<anonymous> (/usr/local/lib/node_modules/npm/node_modules/npm-lifecycle/lib/spawn.js:48:18)
13 verbose stack     at ChildProcess.emit (events.js:311:20)
13 verbose stack     at maybeClose (internal/child_process.js:1021:16)
13 verbose stack     at Process.ChildProcess._handle.onexit (internal/child_process.js:286:5)
14 verbose pkgid fancy@1.0.0
15 verbose cwd /home/fancy
16 verbose Linux 4.4.0-18362-Microsoft
17 verbose argv "/usr/local/bin/node" "/usr/local/bin/npm" "start"
18 verbose node v12.16.1
19 verbose npm  v6.13.4
20 error code ELIFECYCLE
21 error syscall spawn
22 error file sh
23 error errno ENOENT
24 error fancy@1.0.0 start: `webpack-dev-server --hot`
24 error spawn ENOENT
25 error Failed at the fancy@1.0.0 start script.
25 error This is probably not a problem with npm. There is likely additional logging output above.
26 verbose exit [ 1, true ]
