0 info it worked if it ends with ok
1 verbose cli [ '/usr/local/bin/node', '/usr/local/bin/npm', 'start' ]
2 info using npm@6.13.4
3 info using node@v12.16.1
4 verbose config Skipping project config: /home/fancy/.npmrc. (matches userconfig)
5 verbose stack Error: Failed to parse json
5 verbose stack Unexpected string in JSON at position 243 while parsing '{
5 verbose stack   "name": "fancy",
5 verbose stack   "version": "1.0.0'
5 verbose stack     at parseError (/usr/local/lib/node_modules/npm/node_modules/read-package-json/read-json.js:470:11)
5 verbose stack     at parseJson (/usr/local/lib/node_modules/npm/node_modules/read-package-json/read-json.js:105:26)
5 verbose stack     at /usr/local/lib/node_modules/npm/node_modules/read-package-json/read-json.js:52:5
5 verbose stack     at /usr/local/lib/node_modules/npm/node_modules/graceful-fs/graceful-fs.js:115:16
5 verbose stack     at FSReqCallback.readFileAfterClose [as oncomplete] (internal/fs/read_file_context.js:63:3)
6 verbose cwd /home/fancy
7 verbose Linux 4.4.0-18362-Microsoft
8 verbose argv "/usr/local/bin/node" "/usr/local/bin/npm" "start"
9 verbose node v12.16.1
10 verbose npm  v6.13.4
11 error code EJSONPARSE
12 error file /home/fancy/package.json
13 error JSON.parse Failed to parse json
13 error JSON.parse Unexpected string in JSON at position 243 while parsing '{
13 error JSON.parse   "name": "fancy",
13 error JSON.parse   "version": "1.0.0'
14 error JSON.parse Failed to parse package.json data.
14 error JSON.parse package.json must be actual JSON, not just JavaScript.
15 verbose exit [ 1, true ]
